2020-11-06 11:55:28,818 - BrowserEngine - INFO - You had select Chrome browser
2020-11-06 11:55:28,818 - BrowserEngine - INFO - the test server url is https://www.baidu.com.
2020-11-06 11:55:42,126 - BrowserEngine - INFO - Open url https://www.baidu.com
2020-11-06 11:55:43,366 - BrowserEngine - INFO - Maximize the current window.
2020-11-06 11:55:43,370 - BrowserEngine - INFO - Set implicitly wait 10 seconds.
2020-11-06 11:55:43,437 - BasePage - INFO - Had find the element '  ' successful by id via value: kw 
2020-11-06 11:55:43,850 - BasePage - INFO - Had type ' selenium ' in inputBox
2020-11-06 11:55:43,997 - BasePage - INFO - Had find the element '  ' successful by xpath via value: //*[@id='su'] 
2020-11-06 11:55:44,185 - BasePage - INFO - The element '  ' was clicked.
2020-11-06 11:55:48,510 - BasePage - INFO - Had take screenshot and save to folder : /screenshots
2020-11-06 11:55:48,530 - BasePage - INFO - Current page title is selenium_百度搜索
2020-11-06 11:55:48,825 - BasePage - INFO - Had find the element '  ' successful by id via value: kw 
2020-11-06 11:55:49,305 - BasePage - INFO - Had type ' python ' in inputBox
2020-11-06 11:55:49,383 - BasePage - INFO - Had find the element '  ' successful by xpath via value: //*[@id='su'] 
2020-11-06 11:55:49,755 - BasePage - INFO - The element '  ' was clicked.
2020-11-06 11:55:57,947 - BasePage - INFO - Had take screenshot and save to folder : /screenshots
2020-11-06 11:56:05,274 - BrowserEngine - INFO - You had select Chrome browser
2020-11-06 11:56:05,275 - BrowserEngine - INFO - the test server url is https://www.baidu.com.
2020-11-06 11:56:11,658 - BrowserEngine - INFO - Open url https://www.baidu.com
2020-11-06 11:56:13,019 - BrowserEngine - INFO - Maximize the current window.
2020-11-06 11:56:13,042 - BrowserEngine - INFO - Set implicitly wait 10 seconds.
2020-11-06 11:56:13,081 - BasePage - INFO - Current page title is 百度一下，你就知道
2020-11-06 11:56:18,414 - BrowserEngine - INFO - You had select Chrome browser
2020-11-06 11:56:18,415 - BrowserEngine - INFO - the test server url is https://www.baidu.com.
2020-11-06 11:56:25,456 - BrowserEngine - INFO - Open url https://www.baidu.com
2020-11-06 11:56:26,686 - BrowserEngine - INFO - Maximize the current window.
2020-11-06 11:56:26,690 - BrowserEngine - INFO - Set implicitly wait 10 seconds.
2020-11-06 11:56:27,370 - BasePage - INFO - Had take screenshot and save to folder : /screenshots
2020-11-06 11:56:43,607 - BasePage - INFO - Had take screenshot and save to folder : /screenshots
2020-11-06 11:56:47,384 - BasePage - INFO - Had take screenshot and save to folder : /screenshots
