2020-11-05 18:19:31,425 - BrowserEngine - INFO - You had select Chrome browser
2020-11-05 18:19:31,426 - BrowserEngine - INFO - the test server url is https://www.baidu.com.
2020-11-05 18:19:47,360 - BrowserEngine - INFO - Open url https://www.baidu.com
2020-11-05 18:19:48,515 - BrowserEngine - INFO - Maximize the current window.
2020-11-05 18:19:48,520 - BrowserEngine - INFO - Set implicitly wait 10 seconds.
2020-11-05 18:19:48,570 - BasePage - INFO - Had find the element '  ' successful by id via value: kw 
2020-11-05 18:19:49,025 - BasePage - INFO - Had type ' selenium ' in inputBox
2020-11-05 18:19:49,084 - BasePage - INFO - Had find the element '  ' successful by xpath via value: //*[@id='su'] 
2020-11-05 18:19:49,365 - BasePage - INFO - The element '  ' was clicked.
2020-11-05 18:19:55,184 - BasePage - INFO - Had take screenshot and save to folder : /screenshots
2020-11-05 18:19:55,207 - BasePage - INFO - Current page title is selenium_百度搜索
2020-11-05 18:19:55,396 - BasePage - INFO - Had find the element '  ' successful by id via value: kw 
2020-11-05 18:19:55,887 - BasePage - INFO - Had type ' python ' in inputBox
2020-11-05 18:19:55,993 - BasePage - INFO - Had find the element '  ' successful by xpath via value: //*[@id='su'] 
2020-11-05 18:19:56,520 - BasePage - INFO - The element '  ' was clicked.
2020-11-05 18:20:02,409 - BasePage - INFO - Had take screenshot and save to folder : /screenshots
2020-11-05 18:20:07,710 - BrowserEngine - INFO - You had select Chrome browser
2020-11-05 18:20:07,711 - BrowserEngine - INFO - the test server url is https://www.baidu.com.
2020-11-05 18:20:19,765 - BrowserEngine - INFO - Open url https://www.baidu.com
2020-11-05 18:20:20,904 - BrowserEngine - INFO - Maximize the current window.
2020-11-05 18:20:20,907 - BrowserEngine - INFO - Set implicitly wait 10 seconds.
2020-11-05 18:20:20,914 - BasePage - INFO - Current page title is 百度一下，你就知道
2020-11-05 18:20:23,836 - BrowserEngine - INFO - You had select Chrome browser
2020-11-05 18:20:23,837 - BrowserEngine - INFO - the test server url is https://www.baidu.com.
2020-11-05 18:20:31,693 - BrowserEngine - INFO - Open url https://www.baidu.com
2020-11-05 18:20:32,917 - BrowserEngine - INFO - Maximize the current window.
2020-11-05 18:20:32,919 - BrowserEngine - INFO - Set implicitly wait 10 seconds.
2020-11-05 18:20:33,565 - BasePage - INFO - Had take screenshot and save to folder : /screenshots
2020-11-05 18:20:44,281 - BasePage - INFO - Had take screenshot and save to folder : /screenshots
2020-11-05 18:20:49,330 - BasePage - INFO - Had take screenshot and save to folder : /screenshots
2020-11-05 18:21:03,526 - BrowserEngine - INFO - You had select Chrome browser
2020-11-05 18:21:03,527 - BrowserEngine - INFO - the test server url is https://www.baidu.com.
2020-11-05 18:21:17,021 - BrowserEngine - INFO - Open url https://www.baidu.com
2020-11-05 18:21:18,345 - BrowserEngine - INFO - Maximize the current window.
2020-11-05 18:21:18,348 - BrowserEngine - INFO - Set implicitly wait 10 seconds.
2020-11-05 18:21:18,427 - BasePage - INFO - Had find the element '  ' successful by id via value: kw 
2020-11-05 18:21:18,959 - BasePage - INFO - Had type ' selenium ' in inputBox
2020-11-05 18:21:19,047 - BasePage - INFO - Had find the element '  ' successful by xpath via value: //*[@id='su'] 
2020-11-05 18:21:19,301 - BasePage - INFO - The element '  ' was clicked.
2020-11-05 18:21:21,687 - BasePage - INFO - Had take screenshot and save to folder : /screenshots
2020-11-05 18:21:21,693 - BasePage - INFO - Current page title is selenium_百度搜索
2020-11-05 18:21:21,769 - BasePage - INFO - Had find the element '  ' successful by id via value: kw 
2020-11-05 18:21:22,952 - BasePage - INFO - Had type ' python ' in inputBox
2020-11-05 18:21:23,176 - BasePage - INFO - Had find the element '  ' successful by xpath via value: //*[@id='su'] 
2020-11-05 18:21:24,119 - BasePage - INFO - The element '  ' was clicked.
2020-11-05 18:21:28,130 - BasePage - INFO - Had take screenshot and save to folder : /screenshots
2020-11-05 18:21:32,385 - BrowserEngine - INFO - You had select Chrome browser
2020-11-05 18:21:32,386 - BrowserEngine - INFO - the test server url is https://www.baidu.com.
2020-11-05 18:21:40,555 - BrowserEngine - INFO - Open url https://www.baidu.com
2020-11-05 18:21:41,762 - BrowserEngine - INFO - Maximize the current window.
2020-11-05 18:21:41,764 - BrowserEngine - INFO - Set implicitly wait 10 seconds.
2020-11-05 18:21:41,771 - BasePage - INFO - Current page title is 百度一下，你就知道
2020-11-05 18:21:44,347 - BrowserEngine - INFO - You had select Chrome browser
2020-11-05 18:21:44,348 - BrowserEngine - INFO - the test server url is https://www.baidu.com.
2020-11-05 18:21:52,229 - BrowserEngine - INFO - Open url https://www.baidu.com
2020-11-05 18:21:53,412 - BrowserEngine - INFO - Maximize the current window.
2020-11-05 18:21:53,414 - BrowserEngine - INFO - Set implicitly wait 10 seconds.
2020-11-05 18:21:54,062 - BasePage - INFO - Had take screenshot and save to folder : /screenshots
2020-11-05 18:22:00,447 - BasePage - INFO - Had take screenshot and save to folder : /screenshots
2020-11-05 18:22:05,422 - BasePage - INFO - Had take screenshot and save to folder : /screenshots
