2020-11-05 17:56:54,549 - BrowserEngine - INFO - You had select Chrome browser
2020-11-05 17:56:54,551 - BrowserEngine - INFO - the test server url is https://www.baidu.com.
2020-11-05 17:57:03,932 - BrowserEngine - INFO - Open url https://www.baidu.com
2020-11-05 17:57:05,171 - BrowserEngine - INFO - Maximize the current window.
2020-11-05 17:57:05,182 - BrowserEngine - INFO - Set implicitly wait 10 seconds.
2020-11-05 17:57:05,429 - BasePage - INFO - Had find the element '  ' successful by id via value: kw 
2020-11-05 17:57:07,701 - BasePage - INFO - Had type ' selenium ' in inputBox
2020-11-05 17:57:08,048 - BasePage - INFO - Had find the element '  ' successful by xpath via value: //*[@id='su'] 
2020-11-05 17:57:08,651 - BasePage - INFO - The element '  ' was clicked.
2020-11-05 17:57:11,738 - BasePage - INFO - Had take screenshot and save to folder : /screenshots
2020-11-05 17:57:11,751 - BasePage - INFO - Current page title is selenium_百度搜索
2020-11-05 17:57:11,795 - BasePage - INFO - Had find the element '  ' successful by id via value: kw 
2020-11-05 17:57:12,237 - BasePage - INFO - Had type ' python ' in inputBox
2020-11-05 17:57:12,280 - BasePage - INFO - Had find the element '  ' successful by xpath via value: //*[@id='su'] 
2020-11-05 17:57:12,418 - BasePage - INFO - The element '  ' was clicked.
2020-11-05 17:57:17,631 - BasePage - INFO - Had take screenshot and save to folder : /screenshots
2020-11-05 17:57:22,896 - BrowserEngine - INFO - You had select Chrome browser
2020-11-05 17:57:22,897 - BrowserEngine - INFO - the test server url is https://www.baidu.com.
2020-11-05 17:57:33,090 - BrowserEngine - INFO - Open url https://www.baidu.com
2020-11-05 17:57:34,332 - BrowserEngine - INFO - Maximize the current window.
2020-11-05 17:57:34,335 - BrowserEngine - INFO - Set implicitly wait 10 seconds.
2020-11-05 17:57:34,341 - BasePage - INFO - Current page title is 百度一下，你就知道
